Building DAG of jobs...
Using shell: /cvmfs/soft.computecanada.ca/nix/var/nix/profiles/16.09/bin/bash
Provided cores: 1 (use --cores to define parallelism)
Rules claiming more threads will be scaled down.
Job counts:
	count	jobs
	1	prepare_subcort
	1

[Fri May  1 13:36:58 2020]
rule prepare_subcort:
    input: /scratch/rhaast/hcp1200/100610/MNINonLinear/Results/rfMRI_REST2_7T_AP/rfMRI_REST2_7T_AP.nii.gz, cfg/sub-MNI2009b_desc-allFSstyle_workbench.nii.gz
    output: funcparc/100610/input/rfMRI_REST2_7T_AP_AtlasSubcortical.nii.gz
    log: logs/prepare_subcort/100610.log
    jobid: 0
    wildcards: subject=100610

Terminating processes on user request, this might take some time.
[Fri May  1 13:37:02 2020]
Error in rule prepare_subcort:
    jobid: 0
    output: funcparc/100610/input/rfMRI_REST2_7T_AP_AtlasSubcortical.nii.gz
    log: logs/prepare_subcort/100610.log (check log file(s) for error message)
    shell:
        scripts/prep_subcortical.sh /scratch/rhaast/hcp1200/100610/MNINonLinear/Results/rfMRI_REST2_7T_AP/rfMRI_REST2_7T_AP.nii.gz cfg/sub-MNI2009b_desc-allFSstyle_workbench.nii.gz funcparc/100610/temp 1.6 funcparc/100610/input/rfMRI_REST2_7T_AP_AtlasSubcortical.nii.gz
        (one of the commands exited with non-zero exit code; note that snakemake uses bash strict mode!)

Complete log: /scratch/rhaast/ZI_funcparc/.snakemake/log/2020-05-01T133657.785485.snakemake.log
