Building DAG of jobs...
Using shell: /cvmfs/soft.computecanada.ca/nix/var/nix/profiles/16.09/bin/bash
Provided cores: 1 (use --cores to define parallelism)
Rules claiming more threads will be scaled down.
Job counts:
	count	jobs
	1	prepare_subcort
	1

[Fri May  1 13:36:07 2020]
rule prepare_subcort:
    input: /scratch/rhaast/hcp1200/100610/MNINonLinear/Results/rfMRI_REST2_7T_AP/rfMRI_REST2_7T_AP.nii.gz, cfg/sub-MNI2009b_desc-allFSstyle_workbench.nii.gz
    output: funcparc/100610/input/rfMRI_REST2_7T_AP_AtlasSubcortical.nii.gz
    log: logs/prepare_subcort/100610.log
    jobid: 0
    wildcards: subject=100610

[Fri May  1 13:36:07 2020]
Error in rule prepare_subcort:
    jobid: 0
    output: funcparc/100610/input/rfMRI_REST2_7T_AP_AtlasSubcortical.nii.gz
    log: logs/prepare_subcort/100610.log (check log file(s) for error message)

RuleException:
AttributeError in line 38 of /scratch/rhaast/ZI_funcparc/Snakefile:
'NoneType' object has no attribute 'name'
  File "/scratch/rhaast/ZI_funcparc/Snakefile", line 38, in __rule_prepare_subcort
  File "/cvmfs/soft.computecanada.ca/easybuild/software/2017/Core/python/3.7.4/lib/python3.7/concurrent/futures/thread.py", line 57, in run
Shutting down, this might take some time.
Exiting because a job execution failed. Look above for error message
Complete log: /scratch/rhaast/ZI_funcparc/.snakemake/log/2020-05-01T133606.745819.snakemake.log
