Building DAG of jobs...
Using shell: /cvmfs/soft.computecanada.ca/nix/var/nix/profiles/16.09/bin/bash
Provided cores: 1 (use --cores to define parallelism)
Rules claiming more threads will be scaled down.
Job counts:
	count	jobs
	1	prepare_subcort
	1

[Fri May  1 16:40:35 2020]
rule prepare_subcort:
    input: /scratch/rhaast/hcp1200/100610/MNINonLinear/Results/rfMRI_REST2_7T_AP/rfMRI_REST2_7T_AP.nii.gz, cfg/sub-MNI2009b_desc-allFSstyle_workbench.nii.gz
    output: funcparc/100610/input/rfMRI_REST2_7T_AP_AtlasSubcortical.nii.gz
    log: logs/prepare_subcort/100610.log
    jobid: 0
    wildcards: subject=100610

[Fri May  1 16:46:46 2020]
Error in rule prepare_subcort:
    jobid: 0
    output: funcparc/100610/input/rfMRI_REST2_7T_AP_AtlasSubcortical.nii.gz
    log: logs/prepare_subcort/100610.log (check log file(s) for error message)
    shell:
        scripts/prep_subcortical.sh /scratch/rhaast/hcp1200/100610/MNINonLinear/Results/rfMRI_REST2_7T_AP/rfMRI_REST2_7T_AP.nii.gz cfg/sub-MNI2009b_desc-allFSstyle_workbench.nii.gz funcparc/100610/temp 1.6 funcparc/100610/input/rfMRI_REST2_7T_AP_AtlasSubcortical.nii.gz &> logs/prepare_subcort/100610.log
        (one of the commands exited with non-zero exit code; note that snakemake uses bash strict mode!)

Removing output files of failed job prepare_subcort since they might be corrupted:
funcparc/100610/input/rfMRI_REST2_7T_AP_AtlasSubcortical.nii.gz
Shutting down, this might take some time.
Exiting because a job execution failed. Look above for error message
Complete log: /scratch/rhaast/ZI_funcparc/.snakemake/log/2020-05-01T164035.212370.snakemake.log
