Building DAG of jobs...
Using shell: /cvmfs/soft.computecanada.ca/nix/var/nix/profiles/16.09/bin/bash
Provided cores: 1 (use --cores to define parallelism)
Rules claiming more threads will be scaled down.
Job counts:
	count	jobs
	1	all
	1	parcellate_tseries
	2

[Fri May  1 10:11:10 2020]
rule parcellate_tseries:
    input: funcparc/100610/input_cleaned/rfMRI_REST2_7T_AP.59k_fs_LR.dtseries.nii, cfg/HCP-MMP_BigBrain1p6mm.59k_fs_LR.dlabel.nii
    output: funcparc/100610/input_parcellated/rfMRI_REST2_7T_AP.59k_fs_LR.ptseries.nii
    jobid: 1
    wildcards: subject=100610

Activating singularity image /project/6007967/software/transparentsingularity/connectome-workbench_1.4.1_20191117.simg/connectome-workbench_1.4.1_20191117.simg
[Fri May  1 10:11:19 2020]
Finished job 1.
1 of 2 steps (50%) done

[Fri May  1 10:11:19 2020]
localrule all:
    input: funcparc/100610/input_parcellated/rfMRI_REST2_7T_AP.59k_fs_LR.ptseries.nii
    jobid: 0

[Fri May  1 10:11:19 2020]
Finished job 0.
2 of 2 steps (100%) done
Complete log: /scratch/rhaast/ZI_funcparc/.snakemake/log/2020-05-01T101110.178892.snakemake.log
