Building DAG of jobs...
Using shell: /cvmfs/soft.computecanada.ca/nix/var/nix/profiles/16.09/bin/bash
Provided cores: 1 (use --cores to define parallelism)
Rules claiming more threads will be scaled down.
Job counts:
	count	jobs
	1	prepare_subcort
	1

[Fri May  1 16:22:42 2020]
rule prepare_subcort:
    input: /scratch/rhaast/hcp1200/100610/MNINonLinear/Results/rfMRI_REST2_7T_AP/rfMRI_REST2_7T_AP.nii.gz, cfg/sub-MNI2009b_desc-allFSstyle_workbench.nii.gz
    output: funcparc/100610/input/rfMRI_REST2_7T_AP_AtlasSubcortical.nii.gz
    log: logs/prepare_subcort/100610.log
    jobid: 0
    wildcards: subject=100610

Waiting at most 5 seconds for missing files.
MissingOutputException in line 27 of /scratch/rhaast/ZI_funcparc/Snakefile:
Missing files after 5 seconds:
funcparc/100610/input/rfMRI_REST2_7T_AP_AtlasSubcortical.nii.gz
This might be due to filesystem latency. If that is the case, consider to increase the wait time with --latency-wait.
Shutting down, this might take some time.
Exiting because a job execution failed. Look above for error message
Complete log: /scratch/rhaast/ZI_funcparc/.snakemake/log/2020-05-01T162241.401548.snakemake.log
